application=MyEnginePlayer
reason=unhandled SEH code=0xc0000005
thread=45356
address=00007FFAD23097F3
stack_frames=26
0=00007FF9BC366E0C
1=00007FF9BC3670F0
2=00007FFAF13F1C4C
3=00007FFAF3F7A53D
4=00007FFAF3F5F847
5=00007FFAF3F75E9F
6=00007FFAF3EEE8C6
7=00007FFAF3F74E9E
8=00007FFAD23097F3
9=00007FFAA0B5618C
10=00007FF9BC54140A
11=00007FF9BC4E79D4
12=00007FF9BC4DB427
13=00007FF9BC4FA3C5
14=00007FF9BC3772D6
15=00007FF9BC376734
16=00007FF9BC37961D
17=00007FF7886E2578
18=00007FF9E41930B9
19=00007FF7886E25E5
20=00007FF78874B899
21=00007FF78874B742
22=00007FF78874B5FE
23=00007FF78874B92E
24=00007FFAF216259D
25=00007FFAF3F2AF78
