application=MyEnginePlayer
reason=unhandled SEH code=0xc0000005
thread=69604
address=00007FFAD240F69D
stack_frames=27
0=00007FF8F696933C
1=00007FF8F6969620
2=00007FFAF13F1C4C
3=00007FFAF3F7A53D
4=00007FFAF3F5F847
5=00007FFAF3F75E9F
6=00007FFAF3EEE8C6
7=00007FFAF3F74E9E
8=00007FFAD240F69D
9=00007FFAA0B53B3E
10=00007FF8F6B9FD24
11=00007FF8F6B1B2BC
12=00007FF8F6B1121C
13=00007FF8F6B07B7F
14=00007FF8F6B4D853
15=00007FF8F697987E
16=00007FF8F6978C74
17=00007FF8F69800ED
18=00007FF639652658
19=00007FF8F68030B9
20=00007FF6396526C5
21=00007FF6396BBF59
22=00007FF6396BBE02
23=00007FF6396BBCBE
24=00007FF6396BBFEE
25=00007FFAF216259D
26=00007FFAF3F2AF78
