application=MyEnginePlayer
reason=unhandled SEH code=0xc0000005
thread=57300
address=00007FFAD240F69D
stack_frames=27
0=00007FF8F7F9933C
1=00007FF8F7F99620
2=00007FFAF13F1C4C
3=00007FFAF3F7A53D
4=00007FFAF3F5F847
5=00007FFAF3F75E9F
6=00007FFAF3EEE8C6
7=00007FFAF3F74E9E
8=00007FFAD240F69D
9=00007FFAA0B53B3E
10=00007FF8F81CFD24
11=00007FF8F814B2BC
12=00007FF8F814121C
13=00007FF8F8137B7F
14=00007FF8F817D853
15=00007FF8F7FA987E
16=00007FF8F7FA8C74
17=00007FF8F7FB00ED
18=00007FF639652658
19=00007FF8F95130B9
20=00007FF6396526C5
21=00007FF6396BBF59
22=00007FF6396BBE02
23=00007FF6396BBCBE
24=00007FF6396BBFEE
25=00007FFAF216259D
26=00007FFAF3F2AF78
