application=MyEngine
reason=unhandled SEH code=0xc0000005
thread=3228
address=00007FFAD1F84E90
stack_frames=28
0=00007FF8F8BF93A7 `anonymous namespace'::WriteReport+0x1b7 (E:\gitrepo\MyEngine\src\Runtime\Core\CrashHandler.cpp:59)
1=00007FF8F8BF9AA0 `anonymous namespace'::OnUnhandledException+0x110 (E:\gitrepo\MyEngine\src\Runtime\Core\CrashHandler.cpp:131)
2=00007FFAF13F1C4C UnhandledExceptionFilter+0x1ec
3=00007FFAF3F7A53D memcpy+0x2bbd
4=00007FFAF3F5F847 _C_specific_handler+0x97
5=00007FFAF3F75E9F _chkstk+0x12f
6=00007FFAF3EEE8C6 RtlFindCharInUnicodeString+0xa96
7=00007FFAF3F74E9E KiUserExceptionDispatcher+0x2e
8=00007FFAD1F84E90 NVENCODEAPI_Thunk+0x1362d0
9=00007FFAD2308B5D OpenAdapter10+0xcdadd
10=00007FFAD240DBA7 OpenAdapter12+0x177d7
11=00007FFAA0B568C3 D3D12GetInterface+0x1252a3
12=00007FF8F8EE32D1 ImGui_ImplDX12_RenderDrawData+0x7b1
13=00007FF8F8EE2E09 ImGui_ImplDX12_RenderDrawData+0x2e9
14=00007FF8F8E2D626 D3D12Context::RenderImGuiDrawData+0x66 (E:\gitrepo\MyEngine\src\Runtime\Renderer\D3D12Context.cpp:691)
15=00007FF8F8DE393D EditorLayer::OnRender+0x11d (E:\gitrepo\MyEngine\src\Editor\EditorLayer.cpp:517)
16=00007FF8F8C09FEE Engine::RenderLayers+0x8e (E:\gitrepo\MyEngine\src\Runtime\Core\Engine.cpp:303)
17=00007FF8F8C093E4 Engine::RunLoop+0x104 (E:\gitrepo\MyEngine\src\Runtime\Core\Engine.cpp:73)
18=00007FF8F8C1086D Application::Run+0xdd (E:\gitrepo\MyEngine\src\Runtime\Core\Application.cpp:35)
19=00007FF73B102658 RunEditor+0x348 (E:\gitrepo\MyEngine\main.cpp:105)
20=00007FF8F95130B9 SDL_wcstol+0x111c29
21=00007FF73B1026C5 main+0x25 (E:\gitrepo\MyEngine\main.cpp:110)
22=00007FF73B16C039 invoke_main+0x39 (D:\a\_work\1\s\src\vctools\crt\vcstartup\src\startup\exe_common.inl:79)
23=00007FF73B16BEE2 __scrt_common_main_seh+0x132 (D:\a\_work\1\s\src\vctools\crt\vcstartup\src\startup\exe_common.inl:288)
24=00007FF73B16BD9E __scrt_common_main+0xe (D:\a\_work\1\s\src\vctools\crt\vcstartup\src\startup\exe_common.inl:331)
25=00007FF73B16C0CE mainCRTStartup+0xe (D:\a\_work\1\s\src\vctools\crt\vcstartup\src\startup\exe_main.cpp:17)
26=00007FFAF216259D BaseThreadInitThunk+0x1d
27=00007FFAF3F2AF78 RtlUserThreadStart+0x28
modules=88
module=00007FF73B100000 size=0x89000 path=E:\gitrepo\MyEngine\build\windows\x64\debug\MyEngineEditor.exe
module=00007FFAF3ED0000 size=0x218000 path=C:\Windows\SYSTEM32\ntdll.dll
module=00007FFAF2150000 size=0xc4000 path=C:\Windows\System32\KERNEL32.DLL
module=00007FFAF1270000 size=0x3d3000 path=C:\Windows\System32\KERNELBASE.dll
module=00007FFA52E90000 size=0x30000 path=C:\Windows\SYSTEM32\VCRUNTIME140D.dll
module=00007FF9BC6D0000 size=0xe1000 path=C:\Windows\SYSTEM32\MSVCP140D.dll
module=00007FF8F93D0000 size=0x262000 path=E:\gitrepo\MyEngine\build\windows\x64\debug\SDL3.dll
module=00007FFAE57B0000 size=0xf000 path=C:\Windows\SYSTEM32\VCRUNTIME140_1D.dll
module=00007FF8F89B0000 size=0x204000 path=C:\Windows\SYSTEM32\ucrtbased.dll
module=00007FF8F8BC0000 size=0x80c000 path=E:\gitrepo\MyEngine\build\windows\x64\debug\runtime.dll
module=00007FFAF3800000 size=0x31000 path=C:\Windows\System32\IMM32.dll
module=00007FFAF1BD0000 size=0x1b2000 path=C:\Windows\System32\USER32.dll
module=00007FFAF1240000 size=0x26000 path=C:\Windows\System32\win32u.dll
module=00007FFAF2500000 size=0x89c000 path=C:\Windows\System32\SHELL32.dll
module=00007FFAF2DB0000 size=0x29000 path=C:\Windows\System32\GDI32.dll
module=00007FFAEEB50000 size=0x257000 path=C:\Windows\SYSTEM32\d3d11.dll
module=00007FFAF1AD0000 size=0x9a000 path=C:\Windows\System32\msvcp_win.dll
module=00007FFAF17C0000 size=0x11b000 path=C:\Windows\System32\gdi32full.dll
module=00007FFABF390000 size=0x26000 path=C:\Windows\SYSTEM32\d3d12.dll
module=00007FFAF10A0000 size=0x111000 path=C:\Windows\System32\ucrtbase.dll
module=00007FFAEEDB0000 size=0xf7000 path=C:\Windows\SYSTEM32\dxgi.dll
module=00007FFAEB3B0000 size=0x3e6000 path=C:\Windows\SYSTEM32\D3DCOMPILER_47.dll
module=00007FFAF22A0000 size=0x1a1000 path=C:\Windows\System32\ole32.dll
module=00007FFAF1910000 size=0x13f000 path=C:\Windows\System32\wintypes.dll
module=00007FFAF39E0000 size=0x118000 path=C:\Windows\System32\RPCRT4.dll
module=00007FFAF1D90000 size=0x391000 path=C:\Windows\System32\combase.dll
module=00007FFAF3720000 size=0xd8000 path=C:\Windows\System32\OLEAUT32.dll
module=00007FFAEE910000 size=0x233000 path=C:\Windows\SYSTEM32\dbghelp.dll
module=00007FFAF3840000 size=0xb1000 path=C:\Windows\System32\ADVAPI32.dll
module=00007FFAF3C20000 size=0xa7000 path=C:\Windows\System32\msvcrt.dll
module=00007FFAF2450000 size=0xa8000 path=C:\Windows\System32\sechost.dll
module=00007FFAF18E0000 size=0x28000 path=C:\Windows\System32\bcrypt.dll
module=00007FFAF3110000 size=0x474000 path=C:\Windows\System32\SETUPAPI.dll
module=00007FFAE7E40000 size=0x34000 path=C:\Windows\SYSTEM32\WINMM.dll
module=00007FFAF07E0000 size=0x1b000 path=C:\Windows\SYSTEM32\CRYPTSP.dll
module=00007FFAEC770000 size=0xa000 path=C:\Windows\SYSTEM32\VERSION.dll
module=00007FFAF0CD0000 size=0x4e000 path=C:\Windows\SYSTEM32\cfgmgr32.DLL
module=00007FFAF3B10000 size=0x104000 path=C:\Windows\System32\shcore.dll
module=00007FFAEDAA0000 size=0x2b000 path=C:\Windows\SYSTEM32\DWMAPI.DLL
module=00007FFAEDD80000 size=0x37000 path=C:\Windows\SYSTEM32\dxcore.dll
module=00007FFAE91D0000 size=0x49000 path=C:\Windows\SYSTEM32\directxdatabasehelper.dll
module=00007FFAF0050000 size=0x18000 path=C:\Windows\SYSTEM32\kernel.appcore.dll
module=00007FFAF11C0000 size=0x7b000 path=C:\Windows\System32\bcryptPrimitives.dll
module=00007FFAED6A0000 size=0xb3000 path=C:\Windows\system32\uxtheme.dll
module=00007FFAF0CA0000 size=0x2c000 path=C:\Windows\SYSTEM32\DEVOBJ.dll
module=00007FFAF1A50000 size=0x7c000 path=C:\Windows\System32\WINTRUST.dll
module=00007FFAF1650000 size=0x168000 path=C:\Windows\System32\CRYPT32.dll
module=00007FFAF0840000 size=0x12000 path=C:\Windows\SYSTEM32\MSASN1.dll
module=00007FFAEF810000 size=0xe000 path=C:\Windows\SYSTEM32\hid.dll
module=00007FFAEC3E0000 size=0x11000 path=C:\Windows\SYSTEM32\XInput1_4.dll
module=00007FFAD82A0000 size=0x215000 path=C:\Windows\SYSTEM32\inputhost.dll
module=00007FFAEC020000 size=0x133000 path=C:\Windows\SYSTEM32\CoreMessaging.dll
module=00007FFAF2DE0000 size=0xb0000 path=C:\Windows\System32\clbcatq.dll
module=00007FFAC89D0000 size=0x46000 path=C:\Windows\System32\dinput8.dll
module=00007FFAF0800000 size=0xc000 path=C:\Windows\SYSTEM32\CRYPTBASE.DLL
module=00007FFAE5320000 size=0xee000 path=C:\Windows\System32\Windows.Gaming.Input.dll
module=00007FFAECE40000 size=0x2a6000 path=C:\Windows\System32\twinapi.appcore.dll
module=00007FFAF2E90000 size=0x160000 path=C:\Windows\System32\MSCTF.dll
module=00007FFAE45A0000 size=0x17000 path=C:\Windows\System32\ffbroker.dll
module=00007FFAE9B80000 size=0x3f000 path=C:\Windows\System32\deviceaccess.dll
module=00007FFAE4180000 size=0xbc000 path=C:\Windows\SYSTEM32\mscms.dll
module=00007FFAC48B0000 size=0x5e000 path=C:\Windows\system32\dataexchange.dll
module=00007FFACD680000 size=0x145000 path=C:\Windows\SYSTEM32\textinputframework.dll
module=00007FFAE6FA0000 size=0x36c000 path=C:\Windows\SYSTEM32\CoreUIComponents.dll
module=00007FFAE3980000 size=0x7a000 path=C:\Windows\system32\Oleacc.dll
module=00007FFAA0A10000 size=0x203000 path=C:\Windows\SYSTEM32\D3D12Core.dll
module=00007FFAE44D0000 size=0xc4000 path=C:\Windows\System32\DriverStore\FileRepository\nv_dispsi.inf_amd64_fe1c50c690e00e9a\nvldumdx.dll
module=00007FFAEC4A0000 size=0x32000 path=C:\Windows\SYSTEM32\cryptnet.dll
module=00007FFAF08B0000 size=0x50000 path=C:\Windows\SYSTEM32\wldp.dll
module=00007FFAEA6B0000 size=0x15a000 path=C:\Windows\SYSTEM32\drvstore.dll
module=00007FFAF3970000 size=0x1f000 path=C:\Windows\System32\imagehlp.dll
module=00007FFAF0010000 size=0x37000 path=C:\Windows\system32\rsaenh.dll
module=00007FFAD84C0000 size=0x4f57000 path=C:\Windows\System32\DriverStore\FileRepository\nv_dispsi.inf_amd64_fe1c50c690e00e9a\nvgpucomp64.dll
module=00007FFAE3560000 size=0x13b000 path=C:\Windows\System32\DriverStore\FileRepository\nv_dispsi.inf_amd64_fe1c50c690e00e9a\NvMemMapStoragex.dll
module=00007FFAEFE30000 size=0x4d000 path=C:\Windows\SYSTEM32\POWRPROF.dll
module=00007FFAEFE10000 size=0x13000 path=C:\Windows\SYSTEM32\UMPDC.dll
module=00007FFAEEEF0000 size=0x91a000 path=C:\Windows\SYSTEM32\windows.storage.dll
module=00007FFAF3900000 size=0x69000 path=C:\Windows\System32\shlwapi.dll
module=00007FFAD1C50000 size=0x53a5000 path=C:\Windows\System32\DriverStore\FileRepository\nv_dispsi.inf_amd64_fe1c50c690e00e9a\nvwgf2umx.dll
module=00007FFAB23F0000 size=0x147000 path=C:\Windows\system32\nvspcap64.dll
module=00007FFAF0F10000 size=0x25000 path=C:\Windows\SYSTEM32\profapi.dll
module=00007FFAF01C0000 size=0x34000 path=C:\Windows\SYSTEM32\ntmarta.dll
module=00007FFAC38D0000 size=0x725000 path=C:\Windows\System32\DriverStore\FileRepository\nv_dispsi.inf_amd64_fe1c50c690e00e9a\nvppex.dll
module=00007FFA521F0000 size=0x2f000 path=C:\Windows\SYSTEM32\D3DSCache.dll
module=00007FFAF0680000 size=0x28000 path=C:\Windows\SYSTEM32\USERENV.dll
module=00007FFAEB7A0000 size=0x255000 path=C:\Windows\SYSTEM32\dcomp.dll
module=00007FFAAB4E0000 size=0x4b000 path=C:\Windows\system32\ApplicationTargetedFeatureDatabase.dll
module=00007FF90BE60000 size=0x17e000 path=C:\Windows\SYSTEM32\dxilconv.dll
