application=MyEnginePlayer
reason=unhandled SEH code=0xc0000005
thread=64772
address=00007FFAD2319C85
stack_frames=64
0=00007FF8F8E69397 `anonymous namespace'::WriteReport+0x1b7 (E:\gitrepo\MyEngine\src\Runtime\Core\CrashHandler.cpp:59)
1=00007FF8F8E69A90 `anonymous namespace'::OnUnhandledException+0x110 (E:\gitrepo\MyEngine\src\Runtime\Core\CrashHandler.cpp:131)
2=00007FFAF13F1C4C UnhandledExceptionFilter+0x1ec
3=00007FFAF3F7A53D memcpy+0x2bbd
4=00007FFAF3F5F847 _C_specific_handler+0x97
5=00007FFAF3F75E9F _chkstk+0x12f
6=00007FFAF3EEE8C6 RtlFindCharInUnicodeString+0xa96
7=00007FFAF3F74E9E KiUserExceptionDispatcher+0x2e
8=00007FFAD2319C85 OpenAdapter10+0xdec05
9=00007FFAA0A67258 D3D12GetInterface+0x35c38
10=00007FFAA0A510DC D3D12GetInterface+0x1fabc
11=00007FFAA0A54014 D3D12GetInterface+0x229f4
12=00007FFAA0A7DCEB D3D12GetInterface+0x4c6cb
13=00007FFABF3921E2
14=00007FFABF396005
15=00007FFABF395A08
16=00007FFABF3958AA
17=00007FFAA0A7DF90 D3D12GetInterface+0x4c970
18=00007FF8F9009B02 Microsoft::WRL::ComPtr<ID3D12Resource>::InternalRelease+0x42 (C:\Program Files (x86)\Windows Kits\10\include\10.0.26100.0\winrt\wrl\client.h:235)
19=00007FF8F9008E43 Microsoft::WRL::ComPtr<ID3D12Resource>::~ComPtr<ID3D12Resource>+0x13 (C:\Program Files (x86)\Windows Kits\10\include\10.0.26100.0\winrt\wrl\client.h:290)
20=00007FF8F90AC69A D3D12Buffer::~D3D12Buffer+0x1a
21=00007FF8F90AC6F3 D3D12IndexBuffer::~D3D12IndexBuffer+0x13
22=00007FF8F90AD527 D3D12IndexBuffer::`scalar deleting destructor'+0x17
23=00007FF8F90A9404 std::_Destroy_in_place<D3D12IndexBuffer>+0x24 (C:\Program Files\Microsoft Visual Studio\2022\Community\VC\Tools\MSVC\14.44.35207\include\xmemory:324)
24=00007FF8F90AED0A std::_Ref_count_obj2<D3D12IndexBuffer>::_Destroy+0x1a (C:\Program Files\Microsoft Visual Studio\2022\Community\VC\Tools\MSVC\14.44.35207\include\memory:2118)
25=00007FF8F8EB9962 std::_Ref_count_base::_Decref+0x32 (C:\Program Files\Microsoft Visual Studio\2022\Community\VC\Tools\MSVC\14.44.35207\include\memory:1161)
26=00007FF8F8F2A233 std::_Ptr_base<GpuBuffer>::_Decref+0x23 (C:\Program Files\Microsoft Visual Studio\2022\Community\VC\Tools\MSVC\14.44.35207\include\memory:1385)
27=00007FF8F8F24C23 std::shared_ptr<GpuBuffer>::~shared_ptr<GpuBuffer>+0x13 (C:\Program Files\Microsoft Visual Studio\2022\Community\VC\Tools\MSVC\14.44.35207\include\memory:1690)
28=00007FF8F8F2536C MeshAsset::~MeshAsset+0x1c
29=00007FF8F8F27067 MeshAsset::`scalar deleting destructor'+0x17
30=00007FF8F8F19BB4 std::_Destroy_in_place<MeshAsset>+0x24 (C:\Program Files\Microsoft Visual Studio\2022\Community\VC\Tools\MSVC\14.44.35207\include\xmemory:324)
31=00007FF8F8F2A34A std::_Ref_count_obj2<MeshAsset>::_Destroy+0x1a (C:\Program Files\Microsoft Visual Studio\2022\Community\VC\Tools\MSVC\14.44.35207\include\memory:2118)
32=00007FF8F8EB9962 std::_Ref_count_base::_Decref+0x32 (C:\Program Files\Microsoft Visual Studio\2022\Community\VC\Tools\MSVC\14.44.35207\include\memory:1161)
33=00007FF8F8EB9813 std::_Ptr_base<Asset>::_Decref+0x23 (C:\Program Files\Microsoft Visual Studio\2022\Community\VC\Tools\MSVC\14.44.35207\include\memory:1385)
34=00007FF8F8EAF793 std::shared_ptr<Asset>::~shared_ptr<Asset>+0x13 (C:\Program Files\Microsoft Visual Studio\2022\Community\VC\Tools\MSVC\14.44.35207\include\memory:1690)
35=00007FF8F8EAF6CA std::pair<unsigned __int64 const ,std::shared_ptr<Asset> >::~pair<unsigned __int64 const ,std::shared_ptr<Asset> >+0x1a
36=00007FF8F8EB4577 std::pair<unsigned __int64 const ,std::shared_ptr<Asset> >::`scalar deleting destructor'+0x17
37=00007FF8F8EA4DAA std::_Default_allocator_traits<std::allocator<std::_List_node<std::pair<unsigned __int64 const ,std::shared_ptr<Asset> >,void *> > >::destroy<std::pair<unsigned __int64 const ,std::shared_ptr<Asset> > >+0x1a (C:\Program Files\Microsoft Visual Studio\2022\Community\VC\Tools\MSVC\14.44.35207\include\xmemory:741)
38=00007FF8F8E9D01C std::_List_node<std::pair<unsigned __int64 const ,std::shared_ptr<Asset> >,void *>::_Freenode<std::allocator<std::_List_node<std::pair<unsigned __int64 const ,std::shared_ptr<Asset> >,void *> > >+0x2c (C:\Program Files\Microsoft Visual Studio\2022\Community\VC\Tools\MSVC\14.44.35207\include\list:318)
39=00007FF8F8E9CB8B std::_List_node<std::pair<unsigned __int64 const ,std::shared_ptr<Asset> >,void *>::_Free_non_head<std::allocator<std::_List_node<std::pair<unsigned __int64 const ,std::shared_ptr<Asset> >,void *> > >+0x5b (C:\Program Files\Microsoft Visual Studio\2022\Community\VC\Tools\MSVC\14.44.35207\include\list:329)
40=00007FF8F8EC307F std::list<std::pair<unsigned __int64 const ,std::shared_ptr<Asset> >,std::allocator<std::pair<unsigned __int64 const ,std::shared_ptr<Asset> > > >::_Tidy+0x3f (C:\Program Files\Microsoft Visual Studio\2022\Community\VC\Tools\MSVC\14.44.35207\include\list:1519)
41=00007FF8F8EAF4F3 std::list<std::pair<unsigned __int64 const ,std::shared_ptr<Asset> >,std::allocator<std::pair<unsigned __int64 const ,std::shared_ptr<Asset> > > >::~list<std::pair<unsigned __int64 const ,std::shared_ptr<Asset> >,std::allocator<std::pair<unsigned __int64 const ,std::shared_ptr<Asset> > > >+0x13 (C:\Program Files\Microsoft Visual Studio\2022\Community\VC\Tools\MSVC\14.44.35207\include\list:1063)
42=00007FF8F8EAE38B std::_Hash<std::_Umap_traits<unsigned __int64,std::shared_ptr<Asset>,std::_Uhash_compare<unsigned __int64,std::hash<unsigned __int64>,std::equal_to<unsigned __int64> >,std::allocator<std::pair<unsigned __int64 const ,std::shared_ptr<Asset> > >,0> >::~_Hash<std::_Umap_traits<unsigned __int64,std::shared_ptr<Asset>,std::_Uhash_compare<unsigned __int64,std::hash<unsigned __int64>,std::equal_to<unsigned __int64> >,std::allocator<std::pair<unsigned __int64 const ,std::shared_ptr<Asset> > >,0> >+0x2b
43=00007FF8F8EAFA13 std::unordered_map<unsigned __int64,std::shared_ptr<Asset>,std::hash<unsigned __int64>,std::equal_to<unsigned __int64>,std::allocator<std::pair<unsigned __int64 const ,std::shared_ptr<Asset> > > >::~unordered_map<unsigned __int64,std::shared_ptr<Asset>,std::hash<unsigned __int64>,std::equal_to<unsigned __int64>,std::allocator<std::pair<unsigned __int64 const ,std::shared_ptr<Asset> > > >+0x13
44=00007FF8F8EAFE1D AssetManager::~AssetManager+0x4d
45=00007FF8F92498D0 `AssetManager::Get'::`2'::`dynamic atexit destructor for 'instance''+0x10
46=00007FF8F8CC2B99 initterm_e+0x689
47=00007FF8F8CC25C5 initterm_e+0xb5
48=00007FF8F8CC2717 initterm_e+0x207
49=00007FF8F8CC2D44 execute_onexit_table+0x34
50=00007FF8F91B6479 __scrt_dllmain_uninitialize_c+0x19 (D:\a\_work\1\s\src\vctools\crt\vcstartup\src\utility\utility.cpp:398)
51=00007FF8F91B76ED dllmain_crt_process_detach+0x4d (D:\a\_work\1\s\src\vctools\crt\vcstartup\src\startup\dll_dllmain.cpp:182)
52=00007FF8F91B74C7 dllmain_crt_dispatch+0x67 (D:\a\_work\1\s\src\vctools\crt\vcstartup\src\startup\dll_dllmain.cpp:220)
53=00007FF8F91B785F dllmain_dispatch+0xff (D:\a\_work\1\s\src\vctools\crt\vcstartup\src\startup\dll_dllmain.cpp:293)
54=00007FF8F91B79D2 _DllMainCRTStartup+0x32 (D:\a\_work\1\s\src\vctools\crt\vcstartup\src\startup\dll_dllmain.cpp:335)
55=00007FFAF3EF8BCF RtlActivateActivationContextUnsafeFast+0x12f
56=00007FFAF3F215D6 LdrShutdownProcess+0x176
57=00007FFAF3F211CD RtlExitUserProcess+0xad
58=00007FFAF2167FCB ExitProcess+0xb
59=00007FF8F8CC219B wassert+0x54b
60=00007FF8F8CC214F wassert+0x4ff
61=00007FF8F8CC2456 exit+0x16
62=00007FF74372BE1B __scrt_common_main_seh+0x14b (D:\a\_work\1\s\src\vctools\crt\vcstartup\src\startup\exe_common.inl:295)
63=00007FF74372BCBE __scrt_common_main+0xe (D:\a\_work\1\s\src\vctools\crt\vcstartup\src\startup\exe_common.inl:331)
modules=87
module=00007FF7436C0000 size=0x89000 path=E:\gitrepo\MyEngine\build\windows\x64\debug\MyEnginePlayer.exe
module=00007FFAF3ED0000 size=0x218000 path=C:\Windows\SYSTEM32\ntdll.dll
module=00007FFAF2150000 size=0xc4000 path=C:\Windows\System32\KERNEL32.DLL
module=00007FFAF1270000 size=0x3d3000 path=C:\Windows\System32\KERNELBASE.dll
module=00007FF9BC6D0000 size=0xe1000 path=C:\Windows\SYSTEM32\MSVCP140D.dll
module=00007FFAE4030000 size=0x30000 path=C:\Windows\SYSTEM32\VCRUNTIME140D.dll
module=00007FFAE8590000 size=0xf000 path=C:\Windows\SYSTEM32\VCRUNTIME140_1D.dll
module=00007FF90A210000 size=0x262000 path=E:\gitrepo\MyEngine\build\windows\x64\debug\SDL3.dll
module=00007FF8F8C20000 size=0x204000 path=C:\Windows\SYSTEM32\ucrtbased.dll
module=00007FF8F8E30000 size=0x80c000 path=E:\gitrepo\MyEngine\build\windows\x64\debug\runtime.dll
module=00007FFAF3800000 size=0x31000 path=C:\Windows\System32\IMM32.dll
module=00007FFAF1240000 size=0x26000 path=C:\Windows\System32\win32u.dll
module=00007FFAF1BD0000 size=0x1b2000 path=C:\Windows\System32\USER32.dll
module=00007FFAEEB50000 size=0x257000 path=C:\Windows\SYSTEM32\d3d11.dll
module=00007FFAF2DB0000 size=0x29000 path=C:\Windows\System32\GDI32.dll
module=00007FFABF390000 size=0x26000 path=C:\Windows\SYSTEM32\d3d12.dll
module=00007FFAF1AD0000 size=0x9a000 path=C:\Windows\System32\msvcp_win.dll
module=00007FFAF10A0000 size=0x111000 path=C:\Windows\System32\ucrtbase.dll
module=00007FFAF17C0000 size=0x11b000 path=C:\Windows\System32\gdi32full.dll
module=00007FFAF22A0000 size=0x1a1000 path=C:\Windows\System32\ole32.dll
module=00007FFAF2500000 size=0x89c000 path=C:\Windows\System32\SHELL32.dll
module=00007FFAEEDB0000 size=0xf7000 path=C:\Windows\SYSTEM32\dxgi.dll
module=00007FFAF1D90000 size=0x391000 path=C:\Windows\System32\combase.dll
module=00007FFAEB3B0000 size=0x3e6000 path=C:\Windows\SYSTEM32\D3DCOMPILER_47.dll
module=00007FFAF39E0000 size=0x118000 path=C:\Windows\System32\RPCRT4.dll
module=00007FFAF1910000 size=0x13f000 path=C:\Windows\System32\wintypes.dll
module=00007FFAEE910000 size=0x233000 path=C:\Windows\SYSTEM32\dbghelp.dll
module=00007FFAF3720000 size=0xd8000 path=C:\Windows\System32\OLEAUT32.dll
module=00007FFAE7E40000 size=0x34000 path=C:\Windows\SYSTEM32\WINMM.dll
module=00007FFAF07E0000 size=0x1b000 path=C:\Windows\SYSTEM32\CRYPTSP.dll
module=00007FFAF3840000 size=0xb1000 path=C:\Windows\System32\ADVAPI32.dll
module=00007FFAF3C20000 size=0xa7000 path=C:\Windows\System32\msvcrt.dll
module=00007FFAF2450000 size=0xa8000 path=C:\Windows\System32\sechost.dll
module=00007FFAEC770000 size=0xa000 path=C:\Windows\SYSTEM32\VERSION.dll
module=00007FFAF18E0000 size=0x28000 path=C:\Windows\System32\bcrypt.dll
module=00007FFAF3110000 size=0x474000 path=C:\Windows\System32\SETUPAPI.dll
module=00007FFAF0CD0000 size=0x4e000 path=C:\Windows\SYSTEM32\cfgmgr32.DLL
module=00007FFAF3B10000 size=0x104000 path=C:\Windows\System32\shcore.dll
module=00007FFAEDAA0000 size=0x2b000 path=C:\Windows\SYSTEM32\DWMAPI.DLL
module=00007FFAEDD80000 size=0x37000 path=C:\Windows\SYSTEM32\dxcore.dll
module=00007FFAE91D0000 size=0x49000 path=C:\Windows\SYSTEM32\directxdatabasehelper.dll
module=00007FFAF0050000 size=0x18000 path=C:\Windows\SYSTEM32\kernel.appcore.dll
module=00007FFAF11C0000 size=0x7b000 path=C:\Windows\System32\bcryptPrimitives.dll
module=00007FFAED6A0000 size=0xb3000 path=C:\Windows\system32\uxtheme.dll
module=00007FFAF0CA0000 size=0x2c000 path=C:\Windows\SYSTEM32\DEVOBJ.dll
module=00007FFAF1A50000 size=0x7c000 path=C:\Windows\System32\WINTRUST.dll
module=00007FFAF1650000 size=0x168000 path=C:\Windows\System32\CRYPT32.dll
module=00007FFAF0840000 size=0x12000 path=C:\Windows\SYSTEM32\MSASN1.dll
module=00007FFAEF810000 size=0xe000 path=C:\Windows\SYSTEM32\hid.dll
module=00007FFAEC3E0000 size=0x11000 path=C:\Windows\SYSTEM32\XInput1_4.dll
module=00007FFAD82A0000 size=0x215000 path=C:\Windows\SYSTEM32\inputhost.dll
module=00007FFAEC020000 size=0x133000 path=C:\Windows\SYSTEM32\CoreMessaging.dll
module=00007FFAF2DE0000 size=0xb0000 path=C:\Windows\System32\clbcatq.dll
module=00007FFAC89D0000 size=0x46000 path=C:\Windows\System32\dinput8.dll
module=00007FFAF0800000 size=0xc000 path=C:\Windows\SYSTEM32\CRYPTBASE.DLL
module=00007FFAE5320000 size=0xee000 path=C:\Windows\System32\Windows.Gaming.Input.dll
module=00007FFAECE40000 size=0x2a6000 path=C:\Windows\System32\twinapi.appcore.dll
module=00007FFAF2E90000 size=0x160000 path=C:\Windows\System32\MSCTF.dll
module=00007FFAE45A0000 size=0x17000 path=C:\Windows\System32\ffbroker.dll
module=00007FFAE9B80000 size=0x3f000 path=C:\Windows\System32\deviceaccess.dll
module=00007FFAE4180000 size=0xbc000 path=C:\Windows\SYSTEM32\mscms.dll
module=00007FFAC48B0000 size=0x5e000 path=C:\Windows\system32\dataexchange.dll
module=00007FFACD680000 size=0x145000 path=C:\Windows\SYSTEM32\textinputframework.dll
module=00007FFAE6FA0000 size=0x36c000 path=C:\Windows\SYSTEM32\CoreUIComponents.dll
module=00007FFAE3980000 size=0x7a000 path=C:\Windows\system32\Oleacc.dll
module=00007FFAA0A10000 size=0x203000 path=C:\Windows\SYSTEM32\D3D12Core.dll
module=00007FFAE44D0000 size=0xc4000 path=C:\Windows\System32\DriverStore\FileRepository\nv_dispsi.inf_amd64_fe1c50c690e00e9a\nvldumdx.dll
module=00007FFAEC4A0000 size=0x32000 path=C:\Windows\SYSTEM32\cryptnet.dll
module=00007FFAF08B0000 size=0x50000 path=C:\Windows\SYSTEM32\wldp.dll
module=00007FFAEA6B0000 size=0x15a000 path=C:\Windows\SYSTEM32\drvstore.dll
module=00007FFAF3970000 size=0x1f000 path=C:\Windows\System32\imagehlp.dll
module=00007FFAF0010000 size=0x37000 path=C:\Windows\system32\rsaenh.dll
module=00007FFAD84C0000 size=0x4f57000 path=C:\Windows\System32\DriverStore\FileRepository\nv_dispsi.inf_amd64_fe1c50c690e00e9a\nvgpucomp64.dll
module=00007FFAE3560000 size=0x13b000 path=C:\Windows\System32\DriverStore\FileRepository\nv_dispsi.inf_amd64_fe1c50c690e00e9a\NvMemMapStoragex.dll
module=00007FFAEFE30000 size=0x4d000 path=C:\Windows\SYSTEM32\POWRPROF.dll
module=00007FFAEFE10000 size=0x13000 path=C:\Windows\SYSTEM32\UMPDC.dll
module=00007FFAEEEF0000 size=0x91a000 path=C:\Windows\SYSTEM32\windows.storage.dll
module=00007FFAF3900000 size=0x69000 path=C:\Windows\System32\shlwapi.dll
module=00007FFAD1C50000 size=0x53a5000 path=C:\Windows\System32\DriverStore\FileRepository\nv_dispsi.inf_amd64_fe1c50c690e00e9a\nvwgf2umx.dll
module=00007FFAB23F0000 size=0x147000 path=C:\Windows\system32\nvspcap64.dll
module=00007FFAF0F10000 size=0x25000 path=C:\Windows\SYSTEM32\profapi.dll
module=00007FFAF01C0000 size=0x34000 path=C:\Windows\SYSTEM32\ntmarta.dll
module=00007FFAC38D0000 size=0x725000 path=C:\Windows\System32\DriverStore\FileRepository\nv_dispsi.inf_amd64_fe1c50c690e00e9a\nvppex.dll
module=00007FFA521F0000 size=0x2f000 path=C:\Windows\SYSTEM32\D3DSCache.dll
module=00007FFAF0680000 size=0x28000 path=C:\Windows\SYSTEM32\USERENV.dll
module=00007FFAEB7A0000 size=0x255000 path=C:\Windows\SYSTEM32\dcomp.dll
module=00007FFAAB4E0000 size=0x4b000 path=C:\Windows\system32\ApplicationTargetedFeatureDatabase.dll
